2025-8-9 13:23:42-debug: start **** info
2025-8-9 13:23:42-log: Cannot access game frame or container.
2025-8-9 13:23:42-debug: asset-db:require-engine-code (607ms)
2025-8-9 13:23:42-log: meshopt wasm decoder initialized
2025-8-9 13:23:42-log: [box2d]:box2d wasm lib loaded.
2025-8-9 13:23:43-log: [bullet]:bullet wasm lib loaded.
2025-8-9 13:23:43-log: Cocos Creator v3.8.5
2025-8-9 13:23:43-log: Using legacy pipeline
2025-8-9 13:23:43-debug: [Assets Memory track]: asset-db:worker-init: initEngine start:30.79MB, end 79.30MB, increase: 48.50MB
2025-8-9 13:23:43-debug: [Assets Memory track]: asset-db-plugin-register: programming start:80.15MB, end 83.30MB, increase: 3.16MB
2025-8-9 13:23:44-debug: [Assets Memory track]: asset-db-plugin-register: builder start:83.35MB, end 174.86MB, increase: 91.51MB
2025-8-9 13:23:43-log: Forward render pipeline initialized.
2025-8-9 13:23:44-debug: [Assets Memory track]: asset-db-plugin-register: project start:80.00MB, end 178.36MB, increase: 98.36MB
2025-8-9 13:23:44-debug: [Assets Memory track]: asset-db-plugin-register: engine-extends start:175.10MB, end 178.29MB, increase: 3.19MB
2025-8-9 13:23:44-debug: [Assets Memory track]: asset-db:worker-init: initPlugin start:79.32MB, end 178.39MB, increase: 99.07MB
2025-8-9 13:23:44-debug: run package(web-desktop) handler(enable) start
2025-8-9 13:23:44-debug: run package(web-desktop) handler(enable) success!
2025-8-9 13:23:44-debug: run package(wechatgame) handler(enable) start
2025-8-9 13:23:44-debug: run package(wechatgame) handler(enable) success!
2025-8-9 13:23:44-debug: run package(wechatprogram) handler(enable) start
2025-8-9 13:23:44-debug: run package(wechatprogram) handler(enable) success!
2025-8-9 13:23:44-debug: run package(windows) handler(enable) start
2025-8-9 13:23:44-debug: run package(windows) handler(enable) success!
2025-8-9 13:23:44-debug: run package(xiaomi-quick-game) handler(enable) start
2025-8-9 13:23:44-debug: run package(xiaomi-quick-game) handler(enable) success!
2025-8-9 13:23:44-debug: run package(cocos-service) handler(enable) start
2025-8-9 13:23:44-debug: run package(cocos-service) handler(enable) success!
2025-8-9 13:23:44-debug: run package(im-plugin) handler(enable) start
2025-8-9 13:23:44-debug: run package(im-plugin) handler(enable) success!
2025-8-9 13:23:44-debug: run package(placeholder) handler(enable) success!
2025-8-9 13:23:44-debug: run package(web-mobile) handler(enable) start
2025-8-9 13:23:44-debug: run package(web-mobile) handler(enable) success!
2025-8-9 13:23:44-debug: run package(placeholder) handler(enable) start
2025-8-9 13:23:44-debug: asset-db:worker-init: initPlugin (1319ms)
2025-8-9 13:23:44-debug: [Assets Memory track]: asset-db:worker-init start:30.78MB, end 174.17MB, increase: 143.39MB
2025-8-9 13:23:44-debug: Run asset db hook programming:beforePreStart ...
2025-8-9 13:23:44-debug: Run asset db hook programming:beforePreStart success!
2025-8-9 13:23:44-debug: Run asset db hook engine-extends:beforePreStart success!
2025-8-9 13:23:44-debug: Run asset db hook engine-extends:beforePreStart ...
2025-8-9 13:23:44-debug: asset-db:worker-init (2165ms)
2025-8-9 13:23:44-debug: asset-db-hook-programming-beforePreStart (138ms)
2025-8-9 13:23:44-debug: asset-db-hook-engine-extends-beforePreStart (138ms)
2025-8-9 13:23:44-debug: Preimport db internal success
2025-8-9 13:23:44-debug: Preimport db assets success
2025-8-9 13:23:44-debug: Run asset db hook programming:afterPreStart ...
2025-8-9 13:23:44-debug: starting packer-driver...
2025-8-9 13:23:44-debug: initialize scripting environment...
2025-8-9 13:23:44-debug: [[Executor]] prepare before lock
2025-8-9 13:23:44-debug: Set detail map pack:///resolution-detail-map.json: {}
2025-8-9 13:23:44-debug: [[Executor]] prepare after unlock
2025-8-9 13:23:44-debug: Run asset db hook programming:afterPreStart success!
2025-8-9 13:23:44-debug: Run asset db hook engine-extends:afterPreStart ...
2025-8-9 13:23:44-debug: [Assets Memory track]: asset-db:worker-init: preStart start:174.18MB, end 180.82MB, increase: 6.64MB
2025-8-9 13:23:44-debug: Run asset db hook engine-extends:afterPreStart success!
2025-8-9 13:23:44-debug: Start up the 'internal' database...
2025-8-9 13:23:45-debug: asset-db-hook-programming-afterPreStart (634ms)
2025-8-9 13:23:45-debug: asset-db:worker-effect-data-processing (311ms)
2025-8-9 13:23:45-debug: asset-db-hook-engine-extends-afterPreStart (311ms)
2025-8-9 13:23:45-debug: [Assets Memory track]: asset-db:worker-startup-database[internal] start:174.27MB, end 212.39MB, increase: 38.12MB
2025-8-9 13:23:45-debug: Start up the 'assets' database...
2025-8-9 13:23:45-debug: asset-db:worker-startup-database[internal] (1016ms)
2025-8-9 13:23:45-debug: [Assets Memory track]: asset-db:worker-startup-database[assets] start:180.10MB, end 212.59MB, increase: 32.48MB
2025-8-9 13:23:45-debug: [Assets Memory track]: asset-db:worker-init: startup start:180.84MB, end 212.60MB, increase: 31.76MB
2025-8-9 13:23:45-debug: lazy register asset handler text
2025-8-9 13:23:45-debug: lazy register asset handler *
2025-8-9 13:23:45-debug: lazy register asset handler directory
2025-8-9 13:23:45-debug: lazy register asset handler spine-data
2025-8-9 13:23:45-debug: lazy register asset handler dragonbones
2025-8-9 13:23:45-debug: lazy register asset handler dragonbones-atlas
2025-8-9 13:23:45-debug: lazy register asset handler javascript
2025-8-9 13:23:45-debug: lazy register asset handler json
2025-8-9 13:23:45-debug: lazy register asset handler terrain
2025-8-9 13:23:45-debug: lazy register asset handler typescript
2025-8-9 13:23:45-debug: lazy register asset handler sprite-frame
2025-8-9 13:23:45-debug: lazy register asset handler tiled-map
2025-8-9 13:23:45-debug: lazy register asset handler scene
2025-8-9 13:23:45-debug: lazy register asset handler prefab
2025-8-9 13:23:45-debug: lazy register asset handler sign-image
2025-8-9 13:23:45-debug: lazy register asset handler image
2025-8-9 13:23:45-debug: lazy register asset handler alpha-image
2025-8-9 13:23:45-debug: lazy register asset handler texture-cube
2025-8-9 13:23:45-debug: lazy register asset handler buffer
2025-8-9 13:23:45-debug: lazy register asset handler erp-texture-cube
2025-8-9 13:23:45-debug: lazy register asset handler texture-cube-face
2025-8-9 13:23:45-debug: lazy register asset handler render-texture
2025-8-9 13:23:45-debug: lazy register asset handler rt-sprite-frame
2025-8-9 13:23:45-debug: lazy register asset handler gltf-mesh
2025-8-9 13:23:45-debug: lazy register asset handler gltf
2025-8-9 13:23:45-debug: lazy register asset handler texture
2025-8-9 13:23:45-debug: lazy register asset handler gltf-material
2025-8-9 13:23:45-debug: lazy register asset handler gltf-animation
2025-8-9 13:23:45-debug: lazy register asset handler gltf-scene
2025-8-9 13:23:45-debug: lazy register asset handler gltf-embeded-image
2025-8-9 13:23:45-debug: lazy register asset handler fbx
2025-8-9 13:23:45-debug: lazy register asset handler material
2025-8-9 13:23:45-debug: lazy register asset handler physics-material
2025-8-9 13:23:45-debug: lazy register asset handler effect-header
2025-8-9 13:23:45-debug: lazy register asset handler audio-clip
2025-8-9 13:23:45-debug: lazy register asset handler gltf-skeleton
2025-8-9 13:23:45-debug: lazy register asset handler animation-clip
2025-8-9 13:23:45-debug: lazy register asset handler animation-graph
2025-8-9 13:23:45-debug: lazy register asset handler animation-graph-variant
2025-8-9 13:23:45-debug: lazy register asset handler ttf-font
2025-8-9 13:23:45-debug: lazy register asset handler animation-mask
2025-8-9 13:23:45-debug: lazy register asset handler bitmap-font
2025-8-9 13:23:45-debug: lazy register asset handler sprite-atlas
2025-8-9 13:23:45-debug: lazy register asset handler effect
2025-8-9 13:23:45-debug: lazy register asset handler auto-atlas
2025-8-9 13:23:45-debug: lazy register asset handler particle
2025-8-9 13:23:45-debug: lazy register asset handler label-atlas
2025-8-9 13:23:45-debug: lazy register asset handler render-stage
2025-8-9 13:23:45-debug: lazy register asset handler instantiation-material
2025-8-9 13:23:45-debug: lazy register asset handler render-flow
2025-8-9 13:23:45-debug: lazy register asset handler render-pipeline
2025-8-9 13:23:45-debug: lazy register asset handler instantiation-skeleton
2025-8-9 13:23:45-debug: lazy register asset handler instantiation-animation
2025-8-9 13:23:45-debug: lazy register asset handler instantiation-mesh
2025-8-9 13:23:45-debug: lazy register asset handler video-clip
2025-8-9 13:23:45-debug: asset-db:worker-startup-database[assets] (852ms)
2025-8-9 13:23:45-debug: asset-db:start-database (1063ms)
2025-8-9 13:23:45-debug: asset-db:ready (5425ms)
2025-8-9 13:23:45-debug: init worker message success
2025-8-9 13:23:45-debug: programming:execute-script (4ms)
2025-8-9 13:23:45-debug: [Build Memory track]: builder:worker-init start:217.52MB, end 230.35MB, increase: 12.82MB
2025-8-9 13:23:45-debug: builder:worker-init (389ms)
2025-8-9 13:23:50-debug: Query all assets info in project
2025-8-9 13:23:50-debug: init custom config: keepNodeUuid: false, useCache: true
2025-8-9 13:23:50-debug: Query asset bundle start, progress: 0%
2025-8-9 13:23:50-debug: // ---- build task Query asset bundle ----
2025-8-9 13:23:50-debug: Query preload assets/scripts from cc.config.json: 60f7195c-ec2a-45eb-ba94-8955f60e81d0,1c02ae6f-4492-4915-b8f8-7492a3b1e4cd,810e96e4-e456-4468-9b59-f4e8f39732c0,efe8e2a3-eace-427b-b4f1-cb8a937ec77d,e9aa9a3e-5b2b-4ac7-a2c7-073de2b2b24f,8bbdbcdd-5cd4-4100-b6d5-b7c9625b6107,50f4348b-c883-4e2f-8f11-ce233b859fa1,fda095cb-831d-4601-ad94-846013963de8,f92806d7-1768-443f-afe8-12bcde84d0f0,dd3a144d-ab7f-41f0-82b8-2e43a090d496,f0416e68-0200-4b77-a926-4f9d16e494da,970b0598-bcb0-4714-91fb-2e81440dccd8,bcd64cc6-2dd9-43f6-abbe-66318d332032,d930590d-bb92-4cc8-8bd1-23cd027f9edf,a3cd009f-0ab0-420d-9278-b9fdab939bbc,6a2d0734-bd9e-4ddf-946e-caa52498cb75,c27215d8-6835-4b68-bfbb-bdeac6100c04,b5d6115f-0370-4d7c-aad3-c194cc71cf98,871c3b6c-7379-419d-bda3-794b239ab90d,ff9b0199-ce04-4cfe-86cc-6c719f08d6e4,de1c2107-70c8-4021-8459-6399f24d01c6,cbf30902-517f-40dc-af90-a550bac27cf1
2025-8-9 13:23:50-debug:   Number of all scenes: 1
2025-8-9 13:23:50-debug:   Number of all scripts: 7
2025-8-9 13:23:50-debug: // ---- build task Query asset bundle ---- (7ms)
2025-8-9 13:23:50-debug: run build task Query asset bundle success in 7 ms√, progress: 5%
2025-8-9 13:23:50-debug:   Number of other assets: 322
2025-8-9 13:23:50-debug: Query asset bundle start, progress: 5%
2025-8-9 13:23:50-debug: [Build Memory track]: Query asset bundle start:232.70MB, end 226.87MB, increase: -5973.14KB
2025-8-9 13:23:50-debug: // ---- build task Query asset bundle ----
2025-8-9 13:23:50-debug: run build task Query asset bundle success in 7 ms√, progress: 10%
2025-8-9 13:23:50-debug: Sort some build options to settings.json start, progress: 10%
2025-8-9 13:23:50-debug: // ---- build task Sort some build options to settings.json ----
2025-8-9 13:23:50-debug: // ---- build task Query asset bundle ---- (7ms)
2025-8-9 13:23:50-debug: [Build Memory track]: Query asset bundle start:226.90MB, end 226.99MB, increase: 85.67KB
2025-8-9 13:23:50-debug: // ---- build task Sort some build options to settings.json ---- (1ms)
2025-8-9 13:23:50-debug: [Build Memory track]: Sort some build options to settings.json start:227.02MB, end 227.05MB, increase: 31.31KB
2025-8-9 13:23:50-debug: Fill script data to settings start, progress: 12%
2025-8-9 13:23:50-debug: // ---- build task Fill script data to settings ----
2025-8-9 13:23:50-debug: run build task Sort some build options to settings.json success in 1 ms√, progress: 12%
2025-8-9 13:23:50-debug: // ---- build task Fill script data to settings ---- (1ms)
2025-8-9 13:23:50-debug: run build task Fill script data to settings success in 1 ms√, progress: 13%
2025-8-9 13:23:50-debug: Sort some build options to settings.json start, progress: 13%
2025-8-9 13:23:50-debug: [Build Memory track]: Fill script data to settings start:227.09MB, end 227.12MB, increase: 31.91KB
2025-8-9 13:23:50-debug: // ---- build task Sort some build options to settings.json ----
2025-8-9 13:23:50-debug: run build task Sort some build options to settings.json success in 36 ms√, progress: 15%
2025-8-9 13:23:50-debug: // ---- build task Sort some build options to settings.json ---- (36ms)
2025-8-9 13:23:50-debug: [Build Memory track]: Sort some build options to settings.json start:227.16MB, end 165.22MB, increase: -63422.40KB
2025-8-9 13:25:07-debug: refresh db internal success
2025-8-9 13:25:07-debug: Run asset db hook engine-extends:afterRefresh ...
2025-8-9 13:25:07-debug: refresh db assets success
2025-8-9 13:25:07-debug: Run asset db hook engine-extends:afterRefresh success!
2025-8-9 13:25:07-debug: asset-db:refresh-all-database (92ms)
2025-8-9 13:25:07-debug: asset-db-hook-engine-extends-afterRefresh (1ms)
2025-8-9 13:25:09-debug: refresh db internal success
2025-8-9 13:25:09-debug: refresh db assets success
2025-8-9 13:25:09-debug: Run asset db hook engine-extends:afterRefresh ...
2025-8-9 13:25:09-debug: Run asset db hook engine-extends:afterRefresh success!
2025-8-9 13:25:09-debug: asset-db:refresh-all-database (86ms)
2025-8-9 13:25:09-debug: asset-db-hook-engine-extends-afterRefresh (1ms)
2025-8-9 13:25:10-debug: refresh db internal success
2025-8-9 13:25:10-debug: refresh db assets success
2025-8-9 13:25:10-debug: Run asset db hook engine-extends:afterRefresh ...
2025-8-9 13:25:10-debug: Run asset db hook engine-extends:afterRefresh success!
2025-8-9 13:25:10-debug: asset-db:refresh-all-database (85ms)
