2025-8-5 09:38:01-debug: start **** info
2025-8-5 09:38:01-log: Cannot access game frame or container.
2025-8-5 09:38:01-debug: asset-db:require-engine-code (622ms)
2025-8-5 09:38:02-log: meshopt wasm decoder initialized
2025-8-5 09:38:02-log: [bullet]:bullet wasm lib loaded.
2025-8-5 09:38:02-log: [box2d]:box2d wasm lib loaded.
2025-8-5 09:38:02-log: Cocos Creator v3.8.5
2025-8-5 09:38:02-log: Using legacy pipeline
2025-8-5 09:38:02-log: Forward render pipeline initialized.
2025-8-5 09:38:02-debug: [Assets Memory track]: asset-db-plugin-register: programming start:80.23MB, end 83.64MB, increase: 3.40MB
2025-8-5 09:38:02-debug: [Assets Memory track]: asset-db:worker-init: initEngine start:31.05MB, end 79.36MB, increase: 48.31MB
2025-8-5 09:38:03-debug: [Assets Memory track]: asset-db-plugin-register: engine-extends start:195.46MB, end 198.59MB, increase: 3.14MB
2025-8-5 09:38:03-debug: [Assets Memory track]: asset-db-plugin-register: project start:80.08MB, end 198.66MB, increase: 118.58MB
2025-8-5 09:38:03-debug: [Assets Memory track]: asset-db-plugin-register: builder start:83.66MB, end 195.21MB, increase: 111.55MB
2025-8-5 09:38:03-debug: [Assets Memory track]: asset-db:worker-init: initPlugin start:79.38MB, end 198.69MB, increase: 119.31MB
2025-8-5 09:38:03-debug: run package(im-plugin) handler(enable) start
2025-8-5 09:38:03-debug: run package(im-plugin) handler(enable) success!
2025-8-5 09:38:03-debug: run package(placeholder) handler(enable) success!
2025-8-5 09:38:03-debug: run package(placeholder) handler(enable) start
2025-8-5 09:38:03-debug: asset-db:worker-init: initPlugin (1358ms)
2025-8-5 09:38:03-debug: [Assets Memory track]: asset-db:worker-init start:31.04MB, end 198.90MB, increase: 167.85MB
2025-8-5 09:38:03-debug: Run asset db hook programming:beforePreStart ...
2025-8-5 09:38:03-debug: Run asset db hook engine-extends:beforePreStart success!
2025-8-5 09:38:03-debug: Run asset db hook programming:beforePreStart success!
2025-8-5 09:38:03-debug: Run asset db hook engine-extends:beforePreStart ...
2025-8-5 09:38:05-debug: asset-db:worker-init (4236ms)
2025-8-5 09:38:05-debug: asset-db-hook-programming-beforePreStart (1885ms)
2025-8-5 09:38:05-debug: asset-db-hook-engine-extends-beforePreStart (1885ms)
2025-8-5 09:38:06-debug: Preimport db internal success
2025-8-5 09:38:06-debug: Preimport db assets success
2025-8-5 09:38:06-debug: Run asset db hook programming:afterPreStart ...
2025-8-5 09:38:06-debug: starting packer-driver...
2025-8-5 09:38:06-debug: initialize scripting environment...
2025-8-5 09:38:06-debug: [[Executor]] prepare before lock
2025-8-5 09:38:06-debug: Set detail map pack:///resolution-detail-map.json: {}
2025-8-5 09:38:06-debug: [[Executor]] prepare after unlock
2025-8-5 09:38:06-debug: Run asset db hook programming:afterPreStart success!
2025-8-5 09:38:06-debug: Run asset db hook engine-extends:afterPreStart ...
2025-8-5 09:38:06-debug: Start up the 'internal' database...
2025-8-5 09:38:06-debug: Run asset db hook engine-extends:afterPreStart success!
2025-8-5 09:38:07-debug: asset-db-hook-programming-afterPreStart (1402ms)
2025-8-5 09:38:07-debug: asset-db:worker-effect-data-processing (1106ms)
2025-8-5 09:38:07-debug: asset-db-hook-engine-extends-afterPreStart (1107ms)
2025-8-5 09:38:07-debug: [Assets Memory track]: asset-db:worker-startup-database[internal] start:198.99MB, end 211.11MB, increase: 12.11MB
2025-8-5 09:38:07-debug: Start up the 'assets' database...
2025-8-5 09:38:07-debug: asset-db:worker-startup-database[internal] (4237ms)
2025-8-5 09:38:07-debug: [Assets Memory track]: asset-db:worker-startup-database[assets] start:198.48MB, end 211.31MB, increase: 12.82MB
2025-8-5 09:38:07-debug: lazy register asset handler *
2025-8-5 09:38:07-debug: lazy register asset handler directory
2025-8-5 09:38:07-debug: [Assets Memory track]: asset-db:worker-init: startup start:199.26MB, end 211.32MB, increase: 12.06MB
2025-8-5 09:38:07-debug: lazy register asset handler spine-data
2025-8-5 09:38:07-debug: lazy register asset handler text
2025-8-5 09:38:07-debug: lazy register asset handler dragonbones
2025-8-5 09:38:07-debug: lazy register asset handler dragonbones-atlas
2025-8-5 09:38:07-debug: lazy register asset handler json
2025-8-5 09:38:07-debug: lazy register asset handler terrain
2025-8-5 09:38:07-debug: lazy register asset handler javascript
2025-8-5 09:38:07-debug: lazy register asset handler prefab
2025-8-5 09:38:07-debug: lazy register asset handler typescript
2025-8-5 09:38:07-debug: lazy register asset handler sprite-frame
2025-8-5 09:38:07-debug: lazy register asset handler scene
2025-8-5 09:38:07-debug: lazy register asset handler tiled-map
2025-8-5 09:38:07-debug: lazy register asset handler buffer
2025-8-5 09:38:07-debug: lazy register asset handler sign-image
2025-8-5 09:38:07-debug: lazy register asset handler texture
2025-8-5 09:38:07-debug: lazy register asset handler alpha-image
2025-8-5 09:38:07-debug: lazy register asset handler texture-cube
2025-8-5 09:38:07-debug: lazy register asset handler render-texture
2025-8-5 09:38:07-debug: lazy register asset handler erp-texture-cube
2025-8-5 09:38:07-debug: lazy register asset handler rt-sprite-frame
2025-8-5 09:38:07-debug: lazy register asset handler image
2025-8-5 09:38:07-debug: lazy register asset handler texture-cube-face
2025-8-5 09:38:07-debug: lazy register asset handler gltf-mesh
2025-8-5 09:38:07-debug: lazy register asset handler gltf-skeleton
2025-8-5 09:38:07-debug: lazy register asset handler gltf-material
2025-8-5 09:38:07-debug: lazy register asset handler gltf-animation
2025-8-5 09:38:07-debug: lazy register asset handler gltf-scene
2025-8-5 09:38:07-debug: lazy register asset handler gltf-embeded-image
2025-8-5 09:38:07-debug: lazy register asset handler material
2025-8-5 09:38:07-debug: lazy register asset handler fbx
2025-8-5 09:38:07-debug: lazy register asset handler gltf
2025-8-5 09:38:07-debug: lazy register asset handler physics-material
2025-8-5 09:38:07-debug: lazy register asset handler effect
2025-8-5 09:38:07-debug: lazy register asset handler effect-header
2025-8-5 09:38:07-debug: lazy register asset handler animation-clip
2025-8-5 09:38:07-debug: lazy register asset handler animation-graph
2025-8-5 09:38:07-debug: lazy register asset handler animation-graph-variant
2025-8-5 09:38:07-debug: lazy register asset handler ttf-font
2025-8-5 09:38:07-debug: lazy register asset handler animation-mask
2025-8-5 09:38:07-debug: lazy register asset handler bitmap-font
2025-8-5 09:38:07-debug: lazy register asset handler audio-clip
2025-8-5 09:38:07-debug: lazy register asset handler particle
2025-8-5 09:38:07-debug: lazy register asset handler sprite-atlas
2025-8-5 09:38:07-debug: lazy register asset handler auto-atlas
2025-8-5 09:38:07-debug: lazy register asset handler label-atlas
2025-8-5 09:38:07-debug: lazy register asset handler render-flow
2025-8-5 09:38:07-debug: lazy register asset handler render-pipeline
2025-8-5 09:38:07-debug: lazy register asset handler instantiation-material
2025-8-5 09:38:07-debug: lazy register asset handler instantiation-mesh
2025-8-5 09:38:07-debug: lazy register asset handler instantiation-animation
2025-8-5 09:38:07-debug: lazy register asset handler instantiation-skeleton
2025-8-5 09:38:07-debug: lazy register asset handler video-clip
2025-8-5 09:38:07-debug: lazy register asset handler render-stage
2025-8-5 09:38:07-debug: asset-db:worker-startup-database[assets] (1546ms)
2025-8-5 09:38:07-debug: asset-db:ready (10329ms)
2025-8-5 09:38:07-debug: asset-db:start-database (4280ms)
2025-8-5 09:38:07-debug: init worker message success
2025-8-5 09:38:07-debug: programming:execute-script (6ms)
2025-8-5 09:38:08-debug: [Build Memory track]: builder:worker-init start:216.35MB, end 226.45MB, increase: 10.10MB
2025-8-5 09:38:08-debug: builder:worker-init (391ms)
2025-8-5 09:38:24-debug: refresh db internal success
2025-8-5 09:38:24-debug: refresh db assets success
2025-8-5 09:38:24-debug: Run asset db hook engine-extends:afterRefresh ...
2025-8-5 09:38:24-debug: Run asset db hook engine-extends:afterRefresh success!
2025-8-5 09:38:24-debug: asset-db:refresh-all-database (131ms)
2025-8-5 09:38:24-debug: asset-db:worker-effect-data-processing (1ms)
2025-8-5 09:38:24-debug: asset-db-hook-engine-extends-afterRefresh (1ms)
2025-8-5 09:38:30-debug: Query all assets info in project
2025-8-5 09:38:30-debug: init custom config: keepNodeUuid: false, useCache: true
2025-8-5 09:38:30-debug: Query asset bundle start, progress: 0%
2025-8-5 09:38:30-debug: // ---- build task Query asset bundle ----
2025-8-5 09:38:30-debug: Query preload assets/scripts from cc.config.json: 60f7195c-ec2a-45eb-ba94-8955f60e81d0,1c02ae6f-4492-4915-b8f8-7492a3b1e4cd,810e96e4-e456-4468-9b59-f4e8f39732c0,efe8e2a3-eace-427b-b4f1-cb8a937ec77d,e9aa9a3e-5b2b-4ac7-a2c7-073de2b2b24f,8bbdbcdd-5cd4-4100-b6d5-b7c9625b6107,50f4348b-c883-4e2f-8f11-ce233b859fa1,fda095cb-831d-4601-ad94-846013963de8,f92806d7-1768-443f-afe8-12bcde84d0f0,dd3a144d-ab7f-41f0-82b8-2e43a090d496,f0416e68-0200-4b77-a926-4f9d16e494da,970b0598-bcb0-4714-91fb-2e81440dccd8,bcd64cc6-2dd9-43f6-abbe-66318d332032,d930590d-bb92-4cc8-8bd1-23cd027f9edf,a3cd009f-0ab0-420d-9278-b9fdab939bbc,6a2d0734-bd9e-4ddf-946e-caa52498cb75,c27215d8-6835-4b68-bfbb-bdeac6100c04,b5d6115f-0370-4d7c-aad3-c194cc71cf98,871c3b6c-7379-419d-bda3-794b239ab90d,ff9b0199-ce04-4cfe-86cc-6c719f08d6e4,de1c2107-70c8-4021-8459-6399f24d01c6,cbf30902-517f-40dc-af90-a550bac27cf1
2025-8-5 09:38:30-debug:   Number of all scripts: 8
2025-8-5 09:38:30-debug:   Number of other assets: 322
2025-8-5 09:38:30-debug: // ---- build task Query asset bundle ---- (7ms)
2025-8-5 09:38:30-debug: run build task Query asset bundle success in 7 ms√, progress: 5%
2025-8-5 09:38:30-debug:   Number of all scenes: 1
2025-8-5 09:38:30-debug: Query asset bundle start, progress: 5%
2025-8-5 09:38:30-debug: // ---- build task Query asset bundle ----
2025-8-5 09:38:30-debug: [Build Memory track]: Query asset bundle start:166.16MB, end 165.94MB, increase: -221.21KB
2025-8-5 09:38:30-debug: // ---- build task Query asset bundle ---- (3ms)
2025-8-5 09:38:30-debug: [Build Memory track]: Query asset bundle start:165.98MB, end 166.06MB, increase: 88.50KB
2025-8-5 09:38:30-debug: // ---- build task Sort some build options to settings.json ----
2025-8-5 09:38:30-debug: run build task Query asset bundle success in 3 ms√, progress: 10%
2025-8-5 09:38:30-debug: Sort some build options to settings.json start, progress: 10%
2025-8-5 09:38:30-debug: // ---- build task Sort some build options to settings.json ---- (1ms)
2025-8-5 09:38:30-debug: [Build Memory track]: Sort some build options to settings.json start:166.10MB, end 166.13MB, increase: 30.88KB
2025-8-5 09:38:30-debug: run build task Sort some build options to settings.json success in 1 ms√, progress: 12%
2025-8-5 09:38:30-debug: Fill script data to settings start, progress: 12%
2025-8-5 09:38:30-debug: // ---- build task Fill script data to settings ----
2025-8-5 09:38:30-debug: // ---- build task Fill script data to settings ---- (1ms)
2025-8-5 09:38:30-debug: run build task Fill script data to settings success in 1 ms√, progress: 13%
2025-8-5 09:38:30-debug: Sort some build options to settings.json start, progress: 13%
2025-8-5 09:38:30-debug: [Build Memory track]: Fill script data to settings start:166.16MB, end 166.19MB, increase: 30.89KB
2025-8-5 09:38:30-debug: // ---- build task Sort some build options to settings.json ----
2025-8-5 09:38:30-debug: run build task Sort some build options to settings.json success in 3 ms√, progress: 15%
2025-8-5 09:38:30-debug: [Build Memory track]: Sort some build options to settings.json start:166.23MB, end 166.38MB, increase: 145.15KB
2025-8-5 09:38:30-debug: // ---- build task Sort some build options to settings.json ---- (3ms)
2025-8-5 09:38:42-debug: refresh db internal success
2025-8-5 09:38:42-debug: refresh db assets success
2025-8-5 09:38:42-debug: Run asset db hook engine-extends:afterRefresh ...
2025-8-5 09:38:42-debug: Run asset db hook engine-extends:afterRefresh success!
2025-8-5 09:38:42-debug: asset-db:refresh-all-database (89ms)
2025-8-5 09:38:42-debug: asset-db-hook-engine-extends-afterRefresh (2ms)
2025-8-5 09:38:49-debug: refresh db internal success
2025-8-5 09:38:49-debug: refresh db assets success
2025-8-5 09:38:49-debug: Run asset db hook engine-extends:afterRefresh ...
2025-8-5 09:38:49-debug: Run asset db hook engine-extends:afterRefresh success!
2025-8-5 09:38:49-debug: asset-db:refresh-all-database (79ms)
2025-8-5 09:38:49-debug: asset-db:worker-effect-data-processing (1ms)
2025-8-5 09:38:49-debug: asset-db-hook-engine-extends-afterRefresh (1ms)
