2025-8-5 11:03:00-debug: start **** info
2025-8-5 11:03:00-log: Cannot access game frame or container.
2025-8-5 11:03:01-debug: asset-db:require-engine-code (850ms)
2025-8-5 11:03:01-log: meshopt wasm decoder initialized
2025-8-5 11:03:01-log: [bullet]:bullet wasm lib loaded.
2025-8-5 11:03:01-log: [box2d]:box2d wasm lib loaded.
2025-8-5 11:03:01-log: Using legacy pipeline
2025-8-5 11:03:01-log: Forward render pipeline initialized.
2025-8-5 11:03:01-debug: [Assets Memory track]: asset-db:worker-init: initEngine start:30.95MB, end 79.23MB, increase: 48.28MB
2025-8-5 11:03:01-debug: [Assets Memory track]: asset-db-plugin-register: programming start:80.08MB, end 83.26MB, increase: 3.18MB
2025-8-5 11:03:02-debug: [Assets Memory track]: asset-db-plugin-register: builder start:83.29MB, end 174.84MB, increase: 91.55MB
2025-8-5 11:03:01-log: Cocos Creator v3.8.5
2025-8-5 11:03:02-debug: [Assets Memory track]: asset-db-plugin-register: project start:79.94MB, end 178.35MB, increase: 98.41MB
2025-8-5 11:03:02-debug: [Assets Memory track]: asset-db-plugin-register: engine-extends start:175.10MB, end 178.28MB, increase: 3.18MB
2025-8-5 11:03:02-debug: [Assets Memory track]: asset-db:worker-init: initPlugin start:79.25MB, end 178.38MB, increase: 99.12MB
2025-8-5 11:03:02-debug: asset-db:worker-init: initPlugin (1472ms)
2025-8-5 11:03:02-debug: Run asset db hook programming:beforePreStart ...
2025-8-5 11:03:02-debug: [Assets Memory track]: asset-db:worker-init start:30.94MB, end 178.48MB, increase: 147.54MB
2025-8-5 11:03:02-debug: Run asset db hook engine-extends:beforePreStart ...
2025-8-5 11:03:02-debug: Run asset db hook engine-extends:beforePreStart success!
2025-8-5 11:03:02-debug: Run asset db hook programming:beforePreStart success!
2025-8-5 11:03:03-debug: asset-db:worker-init (3549ms)
2025-8-5 11:03:03-debug: asset-db-hook-engine-extends-beforePreStart (930ms)
2025-8-5 11:03:03-debug: asset-db-hook-programming-beforePreStart (930ms)
2025-8-5 11:03:04-debug: Preimport db internal success
2025-8-5 11:03:04-debug: Preimport db assets success
2025-8-5 11:03:04-debug: Run asset db hook programming:afterPreStart ...
2025-8-5 11:03:04-debug: starting packer-driver...
2025-8-5 11:03:04-debug: initialize scripting environment...
2025-8-5 11:03:04-debug: [[Executor]] prepare before lock
2025-8-5 11:03:04-debug: Set detail map pack:///resolution-detail-map.json: {}
2025-8-5 11:03:04-debug: [[Executor]] prepare after unlock
2025-8-5 11:03:04-debug: Run asset db hook programming:afterPreStart success!
2025-8-5 11:03:04-debug: Start up the 'internal' database...
2025-8-5 11:03:04-debug: Run asset db hook engine-extends:afterPreStart success!
2025-8-5 11:03:04-debug: Run asset db hook engine-extends:afterPreStart ...
2025-8-5 11:03:05-debug: asset-db-hook-programming-afterPreStart (1054ms)
2025-8-5 11:03:05-debug: asset-db:worker-effect-data-processing (689ms)
2025-8-5 11:03:05-debug: asset-db-hook-engine-extends-afterPreStart (689ms)
2025-8-5 11:03:05-debug: [Assets Memory track]: asset-db:worker-startup-database[internal] start:178.58MB, end 191.44MB, increase: 12.87MB
2025-8-5 11:03:05-debug: Start up the 'assets' database...
2025-8-5 11:03:05-debug: asset-db:worker-startup-database[internal] (2604ms)
2025-8-5 11:03:05-debug: [Assets Memory track]: asset-db:worker-startup-database[assets] start:177.29MB, end 191.64MB, increase: 14.34MB
2025-8-5 11:03:05-debug: [Assets Memory track]: asset-db:worker-init: startup start:178.05MB, end 191.65MB, increase: 13.61MB
2025-8-5 11:03:05-debug: lazy register asset handler text
2025-8-5 11:03:05-debug: lazy register asset handler *
2025-8-5 11:03:05-debug: lazy register asset handler directory
2025-8-5 11:03:05-debug: lazy register asset handler spine-data
2025-8-5 11:03:05-debug: lazy register asset handler dragonbones-atlas
2025-8-5 11:03:05-debug: lazy register asset handler dragonbones
2025-8-5 11:03:05-debug: lazy register asset handler javascript
2025-8-5 11:03:05-debug: lazy register asset handler json
2025-8-5 11:03:05-debug: lazy register asset handler terrain
2025-8-5 11:03:05-debug: lazy register asset handler typescript
2025-8-5 11:03:05-debug: lazy register asset handler sprite-frame
2025-8-5 11:03:05-debug: lazy register asset handler prefab
2025-8-5 11:03:05-debug: lazy register asset handler tiled-map
2025-8-5 11:03:05-debug: lazy register asset handler image
2025-8-5 11:03:05-debug: lazy register asset handler buffer
2025-8-5 11:03:05-debug: lazy register asset handler alpha-image
2025-8-5 11:03:05-debug: lazy register asset handler texture
2025-8-5 11:03:05-debug: lazy register asset handler sign-image
2025-8-5 11:03:05-debug: lazy register asset handler texture-cube
2025-8-5 11:03:05-debug: lazy register asset handler erp-texture-cube
2025-8-5 11:03:05-debug: lazy register asset handler texture-cube-face
2025-8-5 11:03:05-debug: lazy register asset handler rt-sprite-frame
2025-8-5 11:03:05-debug: lazy register asset handler render-texture
2025-8-5 11:03:05-debug: lazy register asset handler scene
2025-8-5 11:03:05-debug: lazy register asset handler gltf
2025-8-5 11:03:05-debug: lazy register asset handler gltf-animation
2025-8-5 11:03:05-debug: lazy register asset handler gltf-skeleton
2025-8-5 11:03:05-debug: lazy register asset handler gltf-scene
2025-8-5 11:03:05-debug: lazy register asset handler gltf-material
2025-8-5 11:03:05-debug: lazy register asset handler gltf-embeded-image
2025-8-5 11:03:05-debug: lazy register asset handler material
2025-8-5 11:03:05-debug: lazy register asset handler fbx
2025-8-5 11:03:05-debug: lazy register asset handler gltf-mesh
2025-8-5 11:03:05-debug: lazy register asset handler physics-material
2025-8-5 11:03:05-debug: lazy register asset handler audio-clip
2025-8-5 11:03:05-debug: lazy register asset handler effect-header
2025-8-5 11:03:05-debug: lazy register asset handler animation-graph
2025-8-5 11:03:05-debug: lazy register asset handler effect
2025-8-5 11:03:05-debug: lazy register asset handler animation-graph-variant
2025-8-5 11:03:05-debug: lazy register asset handler ttf-font
2025-8-5 11:03:05-debug: lazy register asset handler animation-clip
2025-8-5 11:03:05-debug: lazy register asset handler particle
2025-8-5 11:03:05-debug: lazy register asset handler bitmap-font
2025-8-5 11:03:05-debug: lazy register asset handler animation-mask
2025-8-5 11:03:05-debug: lazy register asset handler auto-atlas
2025-8-5 11:03:05-debug: lazy register asset handler label-atlas
2025-8-5 11:03:05-debug: lazy register asset handler sprite-atlas
2025-8-5 11:03:05-debug: lazy register asset handler render-pipeline
2025-8-5 11:03:05-debug: lazy register asset handler instantiation-material
2025-8-5 11:03:05-debug: lazy register asset handler render-stage
2025-8-5 11:03:05-debug: lazy register asset handler instantiation-mesh
2025-8-5 11:03:05-debug: lazy register asset handler instantiation-skeleton
2025-8-5 11:03:05-debug: lazy register asset handler instantiation-animation
2025-8-5 11:03:05-debug: lazy register asset handler video-clip
2025-8-5 11:03:05-debug: lazy register asset handler render-flow
2025-8-5 11:03:05-debug: asset-db:worker-startup-database[assets] (1211ms)
2025-8-5 11:03:05-debug: asset-db:start-database (2649ms)
2025-8-5 11:03:05-debug: asset-db:ready (8704ms)
2025-8-5 11:03:05-debug: init worker message success
2025-8-5 11:03:05-debug: programming:execute-script (6ms)
2025-8-5 11:03:05-debug: [Build Memory track]: builder:worker-init start:189.83MB, end 203.48MB, increase: 13.65MB
2025-8-5 11:03:05-debug: builder:worker-init (424ms)
2025-8-5 11:03:42-debug: refresh db internal success
2025-8-5 11:03:42-debug: Run asset db hook engine-extends:afterRefresh ...
2025-8-5 11:03:42-debug: refresh db assets success
2025-8-5 11:03:42-debug: Run asset db hook engine-extends:afterRefresh success!
2025-8-5 11:03:42-debug: asset-db:refresh-all-database (97ms)
2025-8-5 11:04:49-debug: refresh db internal success
2025-8-5 11:04:49-debug: refresh db assets success
2025-8-5 11:04:49-debug: Run asset db hook engine-extends:afterRefresh ...
2025-8-5 11:04:49-debug: Run asset db hook engine-extends:afterRefresh success!
2025-8-5 11:04:49-debug: asset-db:refresh-all-database (76ms)
2025-8-5 11:04:49-debug: asset-db:worker-effect-data-processing (1ms)
2025-8-5 11:04:49-debug: asset-db-hook-engine-extends-afterRefresh (1ms)
